c:\users\dkoni\code\opengl_solution\bin\intermediates\win32\debug\vc141.pdb
c:\users\dkoni\code\opengl_solution\bin\intermediates\win32\debug\vc141.idb
c:\users\dkoni\code\opengl_solution\bin\intermediates\win32\debug\application.obj
c:\users\dkoni\code\opengl_solution\bin\intermediates\win32\debug\indexbuffer.obj
c:\users\dkoni\code\opengl_solution\bin\intermediates\win32\debug\renderer.obj
c:\users\dkoni\code\opengl_solution\bin\intermediates\win32\debug\vertexbuffer.obj
c:\users\dkoni\code\opengl_solution\bin\intermediates\win32\debug\vertexarray.obj
c:\users\dkoni\code\opengl_solution\bin\intermediates\win32\debug\shader.obj
c:\users\dkoni\code\opengl_solution\bin\intermediates\win32\debug\openglhelper.obj
c:\users\dkoni\code\opengl_solution\bin\intermediates\win32\debug\texture.obj
c:\users\dkoni\code\opengl_solution\bin\intermediates\win32\debug\stb_image.obj
c:\users\dkoni\code\opengl_solution\bin\win32\debug\opengl.exe
c:\users\dkoni\code\opengl_solution\bin\win32\debug\opengl.ilk
c:\users\dkoni\code\opengl_solution\bin\win32\debug\opengl.pdb
c:\users\dkoni\code\opengl_solution\bin\intermediates\win32\debug\opengl.tlog\cl.command.1.tlog
c:\users\dkoni\code\opengl_solution\bin\intermediates\win32\debug\opengl.tlog\cl.read.1.tlog
c:\users\dkoni\code\opengl_solution\bin\intermediates\win32\debug\opengl.tlog\cl.write.1.tlog
c:\users\dkoni\code\opengl_solution\bin\intermediates\win32\debug\opengl.tlog\link.command.1.tlog
c:\users\dkoni\code\opengl_solution\bin\intermediates\win32\debug\opengl.tlog\link.read.1.tlog
c:\users\dkoni\code\opengl_solution\bin\intermediates\win32\debug\opengl.tlog\link.write.1.tlog
